total 10
drwxr-xr-x  20 root  wheel   640 Jan  1  2020 .
drwxr-xr-x  20 root  wheel   640 Jan  1  2020 ..
lrwxr-xr-x   1 root  admin    36 Jan  1  2020 .VolumeIcon.icns -> System/Volumes/Data/.VolumeIcon.icns
----------   1 root  admin     0 Jan  1  2020 .file
drwxr-xr-x   2 root  wheel    64 Jan  1  2020 .vol
drwxrwxr-x  34 root  admin  1088 Mar 16 00:57 Applications
drwxr-xr-x  69 root  wheel  2208 Mar  1 11:55 Library
drwxr-xr-x@  9 root  wheel   288 Jan  1  2020 System
drwxr-xr-x   6 root  admin   192 Aug 23  2021 Users
drwxr-xr-x   3 root  wheel    96 Feb  8 10:19 Volumes
drwxr-xr-x@ 38 root  wheel  1216 Jan  1  2020 bin
drwxr-xr-x   2 root  wheel    64 May 12  2021 cores
dr-xr-xr-x   4 root  wheel  4900 Feb  4 11:51 dev
lrwxr-xr-x@  1 root  wheel    11 Jan  1  2020 etc -> private/etc
lrwxr-xr-x   1 root  wheel    25 Feb  4 12:01 home -> /System/Volumes/Data/home
drwxr-xr-x   3 root  wheel    96 Aug 26  2021 opt
drwxr-xr-x   6 root  wheel   192 May 12  2021 private
drwxr-xr-x@ 65 root  wheel  2080 Jan  1  2020 sbin
lrwxr-xr-x@  1 root  wheel    11 Jan  1  2020 tmp -> private/tmp
drwxr-xr-x@ 11 root  wheel   352 Jan  1  2020 usr
lrwxr-xr-x@  1 root  wheel    11 Jan  1  2020 var -> private/var
